<?xml version="1.0" encoding="UTF-8" ?>
<testsuites>
  <testsuite errors="0" failures="0" hostname="codinlap198" id="0" name="TestWhiteBox" package="" skipped="0" tests="9" time="0.037" timestamp="2017-03-08T10:13:57">
      <properties>
[...]
</properties>

      <testcase classname="TestWhiteBox" name="testCalendWB1" time="0.0" />

      <testcase classname="TestWhiteBox" name="testCalendWB2" time="0.0" />

      <testcase classname="TestWhiteBox" name="testCalendWB3" time="0.0" />

      <testcase classname="TestWhiteBox" name="testCalendWB4" time="0.0" />

      <testcase classname="TestWhiteBox" name="testCalendWB5" time="0.0" />

      <testcase classname="TestWhiteBox" name="testCalendWB6" time="0.0" />

      <testcase classname="TestWhiteBox" name="testCalendWB7" time="0.0" />

      <testcase classname="TestWhiteBox" name="testCalendWB8" time="0.0" />

      <testcase classname="TestWhiteBox" name="testCalendWB9" time="0.0" />

      <system-out><![CDATA[]]></system-out>

      <system-err><![CDATA[]]></system-err>

  </testsuite>
</testsuites>
